<?xml version="1.0" encoding="UTF-8"?>
<testsuite xmlns:xsi="http://www.w3.org/2001/XMLSchema-instance" xsi:noNamespaceSchemaLocation="https://maven.apache.org/surefire/maven-surefire-plugin/xsd/surefire-test-report-3.0.xsd" version="3.0" name="flightapp.PasswordUtilsTest" time="6.398" tests="8" errors="0" skipped="0" failures="0">
  <properties>
    <property name="java.specification.version" value="21"/>
    <property name="sun.jnu.encoding" value="UTF-8"/>
    <property name="java.class.path" value="/homes/iws/jisung/.m2/repository/org/apache/maven/surefire/surefire-booter/3.0.0-M5/surefire-booter-3.0.0-M5.jar:/homes/iws/jisung/.m2/repository/org/apache/maven/surefire/surefire-api/3.0.0-M5/surefire-api-3.0.0-M5.jar:/homes/iws/jisung/.m2/repository/org/apache/maven/surefire/surefire-logger-api/3.0.0-M5/surefire-logger-api-3.0.0-M5.jar:/homes/iws/jisung/.m2/repository/org/apache/maven/surefire/surefire-shared-utils/3.0.0-M4/surefire-shared-utils-3.0.0-M4.jar:/homes/iws/jisung/.m2/repository/org/apache/maven/surefire/surefire-extensions-spi/3.0.0-M5/surefire-extensions-spi-3.0.0-M5.jar:/homes/iws/jisung/344/flightapp-starter-code/target/test-classes:/homes/iws/jisung/344/flightapp-starter-code/target/classes:/homes/iws/jisung/.m2/repository/junit/junit/4.13/junit-4.13.jar:/homes/iws/jisung/.m2/repository/org/hamcrest/hamcrest-core/1.3/hamcrest-core-1.3.jar:/homes/iws/jisung/.m2/repository/org/postgresql/postgresql/42.7.5/postgresql-42.7.5.jar:/homes/iws/jisung/.m2/repository/org/checkerframework/checker-qual/3.48.3/checker-qual-3.48.3.jar:/homes/iws/jisung/.m2/repository/org/mybatis/mybatis/3.5.7/mybatis-3.5.7.jar:/homes/iws/jisung/.m2/repository/commons-io/commons-io/2.8.0/commons-io-2.8.0.jar:/homes/iws/jisung/344/flightapp-starter-code/distributed.jar:/homes/iws/jisung/.m2/repository/org/apache/maven/surefire/surefire-junit4/3.0.0-M5/surefire-junit4-3.0.0-M5.jar:/homes/iws/jisung/.m2/repository/org/apache/maven/surefire/common-java5/3.0.0-M5/common-java5-3.0.0-M5.jar:/homes/iws/jisung/.m2/repository/org/apache/maven/surefire/common-junit3/3.0.0-M5/common-junit3-3.0.0-M5.jar:/homes/iws/jisung/.m2/repository/org/apache/maven/surefire/common-junit4/3.0.0-M5/common-junit4-3.0.0-M5.jar"/>
    <property name="flightapp.testcase" value="cases"/>
    <property name="java.vm.vendor" value="Red Hat, Inc."/>
    <property name="sun.arch.data.model" value="64"/>
    <property name="java.vendor.url" value="https://www.redhat.com/"/>
    <property name="os.name" value="Linux"/>
    <property name="java.vm.specification.version" value="21"/>
    <property name="sun.java.launcher" value="SUN_STANDARD"/>
    <property name="user.country" value="US"/>
    <property name="sun.boot.library.path" value="/usr/lib/jvm/java-21-openjdk-21.0.7.0.6-1.el9.x86_64/lib"/>
    <property name="sun.java.command" value="org.apache.maven.surefire.booter.ForkedBooter /homes/iws/jisung/344/flightapp-starter-code/target/surefire 2025-05-15T22-02-20_521-jvmRun1 surefire10293350368311686681tmp surefire_013170399245219860804tmp"/>
    <property name="jdk.debug" value="release"/>
    <property name="test" value="flightapp.PasswordUtilsTest"/>
    <property name="surefire.test.class.path" value="/homes/iws/jisung/344/flightapp-starter-code/target/test-classes:/homes/iws/jisung/344/flightapp-starter-code/target/classes:/homes/iws/jisung/.m2/repository/junit/junit/4.13/junit-4.13.jar:/homes/iws/jisung/.m2/repository/org/hamcrest/hamcrest-core/1.3/hamcrest-core-1.3.jar:/homes/iws/jisung/.m2/repository/org/postgresql/postgresql/42.7.5/postgresql-42.7.5.jar:/homes/iws/jisung/.m2/repository/org/checkerframework/checker-qual/3.48.3/checker-qual-3.48.3.jar:/homes/iws/jisung/.m2/repository/org/mybatis/mybatis/3.5.7/mybatis-3.5.7.jar:/homes/iws/jisung/.m2/repository/commons-io/commons-io/2.8.0/commons-io-2.8.0.jar:/homes/iws/jisung/344/flightapp-starter-code/distributed.jar:"/>
    <property name="sun.cpu.endian" value="little"/>
    <property name="user.home" value="/homes/iws/jisung"/>
    <property name="user.language" value="en"/>
    <property name="java.specification.vendor" value="Oracle Corporation"/>
    <property name="java.version.date" value="2025-04-15"/>
    <property name="java.home" value="/usr/lib/jvm/java-21-openjdk-21.0.7.0.6-1.el9.x86_64"/>
    <property name="file.separator" value="/"/>
    <property name="basedir" value="/homes/iws/jisung/344/flightapp-starter-code"/>
    <property name="java.vm.compressedOopsMode" value="Zero based"/>
    <property name="line.separator" value="&#10;"/>
    <property name="java.specification.name" value="Java Platform API Specification"/>
    <property name="java.vm.specification.vendor" value="Oracle Corporation"/>
    <property name="sun.management.compiler" value="HotSpot 64-Bit Tiered Compilers"/>
    <property name="java.runtime.version" value="21.0.7+6-LTS"/>
    <property name="user.name" value="jisung"/>
    <property name="stdout.encoding" value="UTF-8"/>
    <property name="path.separator" value=":"/>
    <property name="os.version" value="5.14.0-503.33.1.el9_5.x86_64"/>
    <property name="java.runtime.name" value="OpenJDK Runtime Environment"/>
    <property name="file.encoding" value="UTF-8"/>
    <property name="java.vm.name" value="OpenJDK 64-Bit Server VM"/>
    <property name="java.vendor.version" value="(Red_Hat-21.0.7.0.6-1)"/>
    <property name="localRepository" value="/homes/iws/jisung/.m2/repository"/>
    <property name="java.vendor.url.bug" value="https://access.redhat.com/support/cases/"/>
    <property name="java.io.tmpdir" value="/tmp"/>
    <property name="java.version" value="21.0.7"/>
    <property name="user.dir" value="/homes/iws/jisung/344/flightapp-starter-code"/>
    <property name="os.arch" value="amd64"/>
    <property name="java.vm.specification.name" value="Java Virtual Machine Specification"/>
    <property name="native.encoding" value="UTF-8"/>
    <property name="java.library.path" value="/usr/java/packages/lib:/usr/lib64:/lib64:/lib:/usr/lib"/>
    <property name="java.vm.info" value="mixed mode, sharing"/>
    <property name="stderr.encoding" value="UTF-8"/>
    <property name="java.vendor" value="Red Hat, Inc."/>
    <property name="java.vm.version" value="21.0.7+6-LTS"/>
    <property name="sun.io.unicode.encoding" value="UnicodeLittle"/>
    <property name="java.class.version" value="65.0"/>
  </properties>
  <testcase name="testDetectsDifferingPasswords" classname="flightapp.PasswordUtilsTest" time="1.03"/>
  <testcase name="testSaltLengthsAreConsistent" classname="flightapp.PasswordUtilsTest" time="0"/>
  <testcase name="testCanMatchPlaintextToHash" classname="flightapp.PasswordUtilsTest" time="0.914"/>
  <testcase name="testSuccessiveSaltsDiffer" classname="flightapp.PasswordUtilsTest" time="0.001"/>
  <testcase name="testPasswordsAreSalted" classname="flightapp.PasswordUtilsTest" time="0.9"/>
  <testcase name="testPasswordsAreUnique" classname="flightapp.PasswordUtilsTest" time="0.88"/>
  <testcase name="testDifferentInputsProduceDifferentOutputs" classname="flightapp.PasswordUtilsTest" time="1.758"/>
  <testcase name="testSameInputsProduceConsistentOutputs" classname="flightapp.PasswordUtilsTest" time="0.888"/>
</testsuite>